TN:
SF:/home/vagrant/progs/sonar-ts-demo/src/hello.component.ts
FN:3,(anonymous_3)
FN:5,HelloComponent
FN:6,(anonymous_5)
FN:10,(anonymous_6)
FN:14,(anonymous_7)
FN:18,(anonymous_8)
FNF:6
FNH:3
FNDA:1,(anonymous_3)
FNDA:1,HelloComponent
FNDA:0,(anonymous_5)
FNDA:0,(anonymous_6)
FNDA:0,(anonymous_7)
FNDA:1,(anonymous_8)
DA:3,1
DA:5,1
DA:6,1
DA:7,0
DA:10,1
DA:11,0
DA:14,1
DA:15,0
DA:18,1
DA:19,1
DA:21,1
LF:11
LH:8
BRF:0
BRH:0
end_of_record
TN:
SF:/home/vagrant/progs/sonar-ts-demo/src/hello.service.interface.ts
FNF:0
FNH:0
LF:0
LH:0
BRF:0
BRH:0
end_of_record
